<?xml version="1.0" encoding="UTF-8"?>
<!-- Generated by org.testng.reporters.JUnitReportReporter -->
<testsuite hostname="Sushils-MacBook-Pro.local" failures="0" tests="2" name="CrossBrowserTesting.TolearnCrossbrowserTesting" time="34.047" errors="0" timestamp="2024-10-25T13:34:19 IST" skipped="0">
  <testcase classname="CrossBrowserTesting.TolearnCrossbrowserTesting" name="launch" time="16.927"/>
  <system-out/>
  <testcase classname="CrossBrowserTesting.TolearnCrossbrowserTesting" name="launch" time="17.120"/>
  <system-out/>
</testsuite> <!-- CrossBrowserTesting.TolearnCrossbrowserTesting -->
