<?xml version="1.0" encoding="UTF-8"?>
<!-- Generated by org.testng.reporters.JUnitReportReporter -->
<testsuite hostname="Sushils-MacBook-Pro.local" failures="0" tests="4" name="DataProviders.ToLearnDataProvider" time="54.806" errors="0" timestamp="2024-10-24T13:10:45 IST" skipped="0">
  <testcase classname="DataProviders.ToLearnDataProvider" name="login" time="12.932"/>
  <system-out/>
  <testcase classname="DataProviders.ToLearnDataProvider" name="login" time="17.354"/>
  <system-out/>
  <testcase classname="DataProviders.ToLearnDataProvider" name="login" time="12.163"/>
  <system-out/>
  <testcase classname="DataProviders.ToLearnDataProvider" name="login" time="12.357"/>
  <system-out/>
</testsuite> <!-- DataProviders.ToLearnDataProvider -->
