<?xml version="1.0" encoding="UTF-8"?>
<!-- Generated by org.testng.reporters.JUnitReportReporter -->
<testsuite hostname="Sushils-MacBook-Pro.local" failures="0" tests="3" name="testNG.Sample" time="0.007" errors="0" timestamp="2024-10-17T12:56:41 IST" skipped="0">
  <testcase classname="testNG.Sample" name="sample" time="0.001"/>
  <system-out>
    <![CDATA[Sample Testcase Executed]]>
  </system-out>
  <testcase classname="testNG.Sample" name="demo" time="0.001"/>
  <system-out>
    <![CDATA[Demo TestCase Executed]]>
  </system-out>
  <testcase classname="testNG.Sample" name="add" time="0.005"/>
  <system-out>
    <![CDATA[Add Testcase Executed]]>
  </system-out>
</testsuite> <!-- testNG.Sample -->
