<?xml version="1.0" encoding="UTF-8"?>
<!-- Generated by org.testng.reporters.JUnitReportReporter -->
<testsuite hostname="Sushils-MacBook-Pro.local" failures="0" tests="2" name="DemoSkrill.TestScript" time="19.254" errors="0" timestamp="2024-10-25T13:59:16 IST" skipped="0">
  <testcase classname="DemoSkrill.TestScript" name="clickSales" time="9.403"/>
  <system-out>
    <![CDATA[Sales page is displayed]]>
  </system-out>
  <testcase classname="DemoSkrill.TestScript" name="clickSales" time="9.851"/>
  <system-out>
    <![CDATA[Sales page is displayed]]>
  </system-out>
</testsuite> <!-- DemoSkrill.TestScript -->
