<?xml version="1.0" encoding="UTF-8"?>
<!-- Generated by org.testng.reporters.JUnitReportReporter -->
<testsuite hostname="MacBookPro" failures="0" tests="1" name="Assertion.ToLearnSoftAssert" time="15.902" errors="0" timestamp="2024-10-23T13:42:58 IST" skipped="0">
  <testcase classname="Assertion.ToLearnSoftAssert" name="login" time="15.902"/>
  <system-out>
    <![CDATA[Welcome pgae is displayed
Login page is displayed
Home page is displayed]]>
  </system-out>
</testsuite> <!-- Assertion.ToLearnSoftAssert -->
