<?xml version="1.0" encoding="UTF-8"?>
<!-- Generated by org.testng.reporters.JUnitReportReporter -->
<testsuite hostname="MacBookPro" failures="0" tests="5" name="testNG.AnnotationAttributes" time="82.044" errors="0" timestamp="2024-10-22T09:46:32 IST" skipped="1">
  <testcase classname="testNG.AnnotationAttributes" name="register" time="13.393"/>
  <system-out>
    <![CDATA[Register is successfull]]>
  </system-out>
  <testcase classname="testNG.AnnotationAttributes" name="register" time="22.976"/>
  <system-out>
    <![CDATA[Register is successfull]]>
  </system-out>
  <testcase classname="testNG.AnnotationAttributes" name="register" time="22.803"/>
  <system-out>
    <![CDATA[Register is successfull]]>
  </system-out>
  <testcase classname="testNG.AnnotationAttributes" name="register" time="22.872"/>
  <system-out>
    <![CDATA[Register is successfull]]>
  </system-out>
  <testcase classname="testNG.AnnotationAttributes" name="login">
    <skipped/>
  </testcase> <!-- login -->
  <system-out/>
</testsuite> <!-- testNG.AnnotationAttributes -->
