<?xml version="1.0" encoding="UTF-8"?>
<!-- Generated by org.testng.reporters.JUnitReportReporter -->
<testsuite hostname="Sushils-MacBook-Pro.local" failures="0" tests="1" name="testNG.ToLearnTestNg" time="0.006" errors="0" timestamp="2024-10-16T13:50:52 IST" skipped="0">
  <testcase classname="testNG.ToLearnTestNg" name="demo" time="0.006"/>
  <system-out>
    <![CDATA[Welcome To Advance Selenium]]>
  </system-out>
</testsuite> <!-- testNG.ToLearnTestNg -->
