<?xml version="1.0" encoding="UTF-8"?>
<!-- Generated by org.testng.reporters.JUnitReportReporter -->
<testsuite hostname="MacBookPro" failures="0" tests="1" name="cars.Mustung" time="65.272" errors="0" timestamp="2024-10-23T09:01:00 IST" skipped="0">
  <testcase classname="cars.Mustung" name="launch" time="65.272"/>
  <system-out>
    <![CDATA[Mustung launched Successfully]]>
  </system-out>
</testsuite> <!-- cars.Mustung -->
