<?xml version="1.0" encoding="UTF-8"?>
<!-- Generated by org.testng.reporters.JUnitReportReporter -->
<testsuite hostname="MacBookPro" failures="0" tests="1" name="Assertion.JavaConditions" time="16.117" errors="0" timestamp="2024-10-23T13:17:08 IST" skipped="0">
  <testcase classname="Assertion.JavaConditions" name="login" time="16.117"/>
  <system-out>
    <![CDATA[Welcome page is displayed
Login page is displayed
Home page is displayed]]>
  </system-out>
</testsuite> <!-- Assertion.JavaConditions -->
