<?xml version="1.0" encoding="UTF-8"?>
<!-- Generated by org.testng.reporters.JUnitReportReporter -->
<testsuite hostname="MacBookPro" failures="0" tests="1" name="cars.Buggati" time="20.447" errors="0" timestamp="2024-10-23T09:01:00 IST" skipped="0">
  <testcase classname="cars.Buggati" name="launch" time="20.447"/>
  <system-out>
    <![CDATA[Buggati launched Successfully]]>
  </system-out>
</testsuite> <!-- cars.Buggati -->
