<?xml version="1.0" encoding="UTF-8"?>
<!-- Generated by org.testng.reporters.JUnitReportReporter -->
<testsuite hostname="MacBookPro" failures="0" tests="1" name="testNG.TestScript" time="7.073" errors="0" timestamp="2024-10-22T13:45:19 IST" skipped="0">
  <testcase classname="testNG.TestScript" name="clickBooks" time="7.073"/>
  <system-out>
    <![CDATA[Books page is displayed]]>
  </system-out>
</testsuite> <!-- testNG.TestScript -->
