<?xml version="1.0" encoding="UTF-8"?>
<!-- Generated by org.testng.reporters.JUnitReportReporter -->
<testsuite hostname="MacBookPro" failures="0" tests="1" name="testNG.ConfigurationAnnotations" time="0.004" errors="0" timestamp="2024-10-23T09:57:28 IST" skipped="0">
  <testcase classname="testNG.ConfigurationAnnotations" name="beforeTest" time="0.004"/>
  <system-out>
    <![CDATA[@BeforeTest is executed]]>
  </system-out>
</testsuite> <!-- testNG.ConfigurationAnnotations -->
