<?xml version="1.0" encoding="UTF-8"?>
<!-- Generated by org.testng.reporters.JUnitReportReporter -->
<testsuite hostname="MacBookPro" failures="0" tests="1" name="cars.Defender" time="8.565" errors="0" timestamp="2024-10-22T09:45:46 IST" skipped="0">
  <testcase classname="cars.Defender" name="launch" time="8.565"/>
  <system-out>
    <![CDATA[Defender launched Successfully]]>
  </system-out>
</testsuite> <!-- cars.Defender -->
